RUN	computerdatabase.ComputerDatabaseSimulation	computerdatabasesimulation	1722927524509	 	3.11.5
USER	Admins	START	1722927524997
USER	Users	START	1722927524997
REQUEST		Home	1722927524992	1722927525481	OK	 
REQUEST		Home	1722927524992	1722927525557	OK	 
REQUEST		Home Redirect 1	1722927525494	1722927525657	OK	 
REQUEST		Home Redirect 1	1722927525558	1722927525721	OK	 
USER	Users	START	1722927525987
REQUEST		Home	1722927525984	1722927526456	OK	 
REQUEST		Home Redirect 1	1722927526458	1722927526622	OK	 
REQUEST		Search	1722927526723	1722927526892	OK	 
REQUEST		Search	1722927526675	1722927526844	OK	 
USER	Users	START	1722927526983
REQUEST		Home	1722927526982	1722927527461	OK	 
REQUEST		Home Redirect 1	1722927527463	1722927527635	OK	 
REQUEST		Search	1722927527627	1722927527792	OK	 
USER	Users	START	1722927527984
REQUEST		Select	1722927527907	1722927528070	OK	 
REQUEST		Select	1722927527906	1722927528070	OK	 
REQUEST		Home	1722927527981	1722927528461	OK	 
REQUEST		Home Redirect 1	1722927528462	1722927528623	OK	 
REQUEST		Search	1722927528639	1722927528803	OK	 
REQUEST		Select	1722927528799	1722927528961	OK	 
USER	Users	START	1722927528982
REQUEST		Page 0	1722927529076	1722927529243	OK	 
REQUEST		Page 0	1722927529076	1722927529243	OK	 
REQUEST		Home	1722927528980	1722927529462	OK	 
REQUEST		Home Redirect 1	1722927529463	1722927529630	OK	 
REQUEST		Search	1722927529627	1722927529790	OK	 
USER	Admins	START	1722927529981
USER	Users	START	1722927529982
REQUEST		Select	1722927529812	1722927529984	OK	 
REQUEST		Page 0	1722927529967	1722927530238	OK	 
REQUEST		Page 1	1722927530247	1722927530406	OK	 
REQUEST		Page 1	1722927530247	1722927530407	OK	 
REQUEST		Home	1722927529980	1722927530568	OK	 
REQUEST		Home	1722927529980	1722927530570	OK	 
REQUEST		Home Redirect 1	1722927530569	1722927530737	OK	 
REQUEST		Home Redirect 1	1722927530571	1722927530739	OK	 
REQUEST		Search	1722927530636	1722927530799	OK	 
REQUEST		Select	1722927530798	1722927530957	OK	 
USER	Users	START	1722927530983
REQUEST		Page 0	1722927530986	1722927531196	OK	 
REQUEST		Page 1	1722927531242	1722927531399	OK	 
REQUEST		Home	1722927530981	1722927531480	OK	 
REQUEST		Page 2	1722927531409	1722927531574	OK	 
REQUEST		Page 2	1722927531410	1722927531575	OK	 
REQUEST		Home Redirect 1	1722927531481	1722927531643	OK	 
REQUEST		Search	1722927531743	1722927531904	OK	 
REQUEST		Search	1722927531744	1722927531904	OK	 
REQUEST		Select	1722927531804	1722927531963	OK	 
USER	Users	START	1722927531984
REQUEST		Page 0	1722927531961	1722927532119	OK	 
REQUEST		Page 1	1722927532201	1722927532368	OK	 
REQUEST		Home	1722927531981	1722927532450	OK	 
REQUEST		Page 2	1722927532402	1722927532558	OK	 
REQUEST		Home Redirect 1	1722927532451	1722927532613	OK	 
REQUEST		Page 3	1722927532578	1722927532738	OK	 
REQUEST		Page 3	1722927532578	1722927532738	OK	 
REQUEST		Search	1722927532649	1722927532807	OK	 
USER	Users	START	1722927532983
REQUEST		Select	1722927532911	1722927533074	OK	 
REQUEST		Select	1722927532911	1722927533074	OK	 
REQUEST		Page 0	1722927532967	1722927533130	OK	 
REQUEST		Page 1	1722927533123	1722927533283	OK	 
REQUEST		Home	1722927532981	1722927533461	OK	 
REQUEST		Page 2	1722927533372	1722927533540	OK	 
REQUEST		Home Redirect 1	1722927533462	1722927533624	OK	 
REQUEST		Page 3	1722927533562	1722927533721	OK	 
USER	Users	END	1722927533746
REQUEST		Search	1722927533619	1722927533776	OK	 
REQUEST		Form	1722927533743	1722927533909	OK	 
USER	Users	START	1722927533985
REQUEST		Select	1722927533812	1722927534023	OK	 
REQUEST		Page 0	1722927534077	1722927534251	OK	 
REQUEST		Page 0	1722927534078	1722927534251	OK	 
REQUEST		Page 1	1722927534133	1722927534334	OK	 
REQUEST		Page 2	1722927534286	1722927534444	OK	 
REQUEST		Home	1722927533982	1722927534510	OK	 
REQUEST		Home Redirect 1	1722927534511	1722927534695	OK	 
REQUEST		Page 3	1722927534543	1722927534704	OK	 
USER	Users	END	1722927534724
REQUEST		Search	1722927534629	1722927534789	OK	 
REQUEST		Select	1722927534779	1722927534935	OK	 
REQUEST		Post	1722927534919	1722927535078	OK	 
REQUEST		Page 0	1722927535025	1722927535188	OK	 
REQUEST		Post Redirect 1	1722927535086	1722927535246	KO	status.find.is(201), but actually found 200
REQUEST		Page 1	1722927535253	1722927535412	OK	 
REQUEST		Form	1722927535254	1722927535414	OK	 
REQUEST		Page 1	1722927535253	1722927535414	OK	 
REQUEST		Page 2	1722927535338	1722927535497	OK	 
REQUEST		Page 3	1722927535447	1722927535606	OK	 
USER	Users	END	1722927535707
REQUEST		Search	1722927535700	1722927535861	OK	 
REQUEST		Select	1722927535795	1722927535955	OK	 
REQUEST		Page 0	1722927535940	1722927536101	OK	 
REQUEST		Page 1	1722927536192	1722927536353	OK	 
REQUEST		Post	1722927536417	1722927536579	OK	 
REQUEST		Page 2	1722927536417	1722927536580	OK	 
REQUEST		Page 2	1722927536419	1722927536580	OK	 
USER	Users	END	1722927536611
REQUEST		Page 3	1722927536499	1722927536661	OK	 
REQUEST		Post Redirect 1	1722927536580	1722927536743	KO	status.find.is(201), but actually found 200
USER	Admins	END	1722927536747
REQUEST		Select	1722927536867	1722927537025	OK	 
REQUEST		Page 0	1722927536959	1722927537120	OK	 
REQUEST		Page 1	1722927537103	1722927537260	OK	 
REQUEST		Page 2	1722927537357	1722927537515	OK	 
USER	Users	END	1722927537666
REQUEST		Page 3	1722927537584	1722927537745	OK	 
REQUEST		Page 3	1722927537584	1722927537745	OK	 
REQUEST		Page 0	1722927538029	1722927538191	OK	 
REQUEST		Page 1	1722927538124	1722927538286	OK	 
REQUEST		Page 2	1722927538265	1722927538422	OK	 
REQUEST		Page 3	1722927538520	1722927538680	OK	 
USER	Users	END	1722927538751
REQUEST		Form	1722927538749	1722927538910	OK	 
REQUEST		Page 1	1722927539197	1722927539378	OK	 
REQUEST		Page 2	1722927539289	1722927539449	OK	 
REQUEST		Page 3	1722927539427	1722927539584	OK	 
USER	Users	END	1722927539686
REQUEST		Post	1722927539915	1722927540074	OK	 
REQUEST		Post Redirect 1	1722927540075	1722927540243	OK	 
USER	Admins	END	1722927540246
REQUEST		Page 2	1722927540384	1722927540541	OK	 
USER	Users	END	1722927540587
REQUEST		Page 3	1722927540452	1722927540611	OK	 
USER	Users	END	1722927541616
REQUEST		Page 3	1722927541543	1722927541710	OK	 
USER	Users	END	1722927542716
